c:\users\beradinb\documents\university work\year 3\object oriented methods\map\map\debug\map.pch.codeanalysis
c:\users\beradinb\documents\university work\year 3\object oriented methods\map\map\debug\vc140.pdb
c:\users\beradinb\documents\university work\year 3\object oriented methods\map\map\debug\vc140.idb
c:\users\beradinb\documents\university work\year 3\object oriented methods\map\map\debug\map.pch.codeanalysisast
c:\users\beradinb\documents\university work\year 3\object oriented methods\map\map\debug\stdafx.nativecodeanalysis.xml
c:\users\beradinb\documents\university work\year 3\object oriented methods\map\map\debug\stdafx.obj
c:\users\beradinb\documents\university work\year 3\object oriented methods\map\map\debug\map.pch
c:\users\beradinb\documents\university work\year 3\object oriented methods\map\map\debug\main.nativecodeanalysis.xml
c:\users\beradinb\documents\university work\year 3\object oriented methods\map\map\debug\main.obj
c:\users\beradinb\documents\university work\year 3\object oriented methods\map\debug\map.ilk
c:\users\beradinb\documents\university work\year 3\object oriented methods\map\debug\map.exe
c:\users\beradinb\documents\university work\year 3\object oriented methods\map\debug\map.pdb
c:\users\beradinb\documents\university work\year 3\object oriented methods\map\map\debug\nativecodeanalysis.read.1.tlog
c:\users\beradinb\documents\university work\year 3\object oriented methods\map\map\debug\vc.nativecodeanalysis.all.xml
c:\users\beradinb\documents\university work\year 3\object oriented methods\map\debug\map.exe.lastcodeanalysissucceeded
c:\users\beradinb\documents\university work\year 3\object oriented methods\map\map\debug\map.tlog\cl.command.1.tlog
c:\users\beradinb\documents\university work\year 3\object oriented methods\map\map\debug\map.tlog\cl.read.1.tlog
c:\users\beradinb\documents\university work\year 3\object oriented methods\map\map\debug\map.tlog\cl.write.1.tlog
c:\users\beradinb\documents\university work\year 3\object oriented methods\map\map\debug\map.tlog\link.command.1.tlog
c:\users\beradinb\documents\university work\year 3\object oriented methods\map\map\debug\map.tlog\link.read.1.tlog
c:\users\beradinb\documents\university work\year 3\object oriented methods\map\map\debug\map.tlog\link.write.1.tlog
